<?xml version="1.0" encoding="utf-8"?><testsuites><testsuite name="pytest" errors="0" failures="0" skipped="0" tests="10" time="0.353" timestamp="2025-10-14T20:06:42.781124" hostname="5403641-ub19039"><testcase classname="test_app" name="test_index_page" time="0.025" /><testcase classname="test_app" name="test_info_endpoint" time="0.003" /><testcase classname="test_app" name="test_health_endpoint" time="0.002" /><testcase classname="test_app" name="test_metrics_endpoint" time="0.002" /><testcase classname="test_app" name="test_version_from_environment" time="0.001" /><testcase classname="test_app" name="test_build_number_from_environment" time="0.001" /><testcase classname="test_app" name="test_environment_from_environment" time="0.001" /><testcase classname="test_app" name="test_invalid_endpoint" time="0.003" /><testcase classname="test_app" name="test_health_returns_correct_structure" time="0.003" /><testcase classname="test_app" name="test_info_returns_endpoints_list" time="0.003" /></testsuite></testsuites>